2025-08-17 08:53:14,384 - alerts - WARNING - ALERT [MEDIUM] ftms_connector: Connection failure detected
2025-08-17 08:53:17,801 - alerts - WARNING - ALERT [MEDIUM] bluetooth_connection: Connection failure detected
2025-08-17 08:53:17,971 - alerts - WARNING - ALERT [MEDIUM] ftms: Connection failure detected
2025-08-17 08:53:18,146 - alerts - WARNING - ALERT [MEDIUM] ftms_manager: Connection timed out - device may be out of range or busy
2025-08-17 08:53:23,542 - alerts - WARNING - ALERT [MEDIUM] ftms_connector: Connection failure detected
2025-08-17 08:53:28,741 - alerts - WARNING - ALERT [MEDIUM] bluetooth_connection: Connection failure detected
2025-08-17 08:53:28,945 - alerts - WARNING - ALERT [MEDIUM] ftms: Connection failure detected
2025-08-17 08:53:29,135 - alerts - WARNING - ALERT [MEDIUM] ftms_manager: Connection timed out - device may be out of range or busy
2025-08-17 08:53:32,795 - alerts - WARNING - ALERT [MEDIUM] ftms_connector: Connection failure detected
2025-08-17 08:53:35,865 - alerts - WARNING - ALERT [MEDIUM] bluetooth_connection: Connection failure detected
2025-08-17 08:53:36,046 - alerts - WARNING - ALERT [MEDIUM] ftms: Connection failure detected
2025-08-17 08:53:36,241 - alerts - WARNING - ALERT [MEDIUM] ftms_manager: Connection timed out - device may be out of range or busy
2025-08-17 08:53:37,762 - alerts - WARNING - ALERT [MEDIUM] bluetooth_connection: Connection failure detected
2025-08-17 08:53:37,931 - alerts - WARNING - ALERT [MEDIUM] ftms: Connection failure detected
2025-08-17 08:53:38,096 - alerts - WARNING - ALERT [MEDIUM] ftms_manager: Connection timed out - device may be out of range or busy
2025-08-17 08:53:40,152 - alerts - WARNING - ALERT [MEDIUM] ftms_connector: Connection failure detected
2025-08-17 08:53:45,118 - alerts - WARNING - ALERT [MEDIUM] bluetooth_connection: Connection failure detected
2025-08-17 08:53:45,295 - alerts - WARNING - ALERT [MEDIUM] ftms: Connection failure detected
2025-08-17 08:53:45,467 - alerts - WARNING - ALERT [MEDIUM] ftms_manager: Connection timed out - device may be out of range or busy
2025-08-17 08:53:47,254 - alerts - WARNING - ALERT [MEDIUM] ftms_connector: Connection failure detected
2025-08-17 08:53:47,614 - alerts - WARNING - ALERT [MEDIUM] ftms_connector: Connection failure detected
2025-08-17 08:53:49,036 - alerts - WARNING - ALERT [MEDIUM] ftms_connector: Connection failure detected
2025-08-17 08:53:49,299 - alerts - WARNING - ALERT [MEDIUM] ftms_connector: Connection failure detected
2025-08-17 08:53:52,247 - alerts - WARNING - ALERT [MEDIUM] bluetooth_connection: Connection failure detected
2025-08-17 08:53:52,406 - alerts - WARNING - ALERT [MEDIUM] ftms: Connection failure detected
2025-08-17 08:53:52,598 - alerts - WARNING - ALERT [MEDIUM] ftms_manager: Connection timed out - device may be out of range or busy
2025-08-17 08:53:53,765 - alerts - WARNING - ALERT [MEDIUM] web: Connection failure detected
2025-08-17 08:53:54,016 - alerts - WARNING - ALERT [MEDIUM] bluetooth_connection: Connection failure detected
2025-08-17 08:53:54,196 - alerts - WARNING - ALERT [MEDIUM] ftms: Connection failure detected
2025-08-17 08:53:54,387 - alerts - WARNING - ALERT [MEDIUM] ftms_manager: Connection timed out - device may be out of range or busy
2025-08-17 08:53:56,140 - alerts - WARNING - ALERT [MEDIUM] ftms_connector: Connection failure detected
2025-08-17 08:53:56,441 - alerts - WARNING - ALERT [MEDIUM] ftms_connector: Connection failure detected
2025-08-17 08:53:57,836 - alerts - WARNING - ALERT [MEDIUM] ftms_connector: Connection failure detected
2025-08-17 08:53:58,080 - alerts - WARNING - ALERT [MEDIUM] ftms_connector: Connection failure detected
2025-08-17 08:54:00,849 - alerts - WARNING - ALERT [MEDIUM] web: Connection failure detected
2025-08-17 08:54:01,132 - alerts - WARNING - ALERT [MEDIUM] bluetooth_connection: Connection failure detected
2025-08-17 08:54:01,302 - alerts - WARNING - ALERT [MEDIUM] ftms: Connection failure detected
2025-08-17 08:54:01,420 - alerts - WARNING - ALERT [MEDIUM] ftms_manager: Connection timed out - device may be out of range or busy
2025-08-17 08:54:01,991 - alerts - WARNING - ALERT [MEDIUM] ftms_connector: Connection failure detected
2025-08-17 08:54:02,211 - alerts - WARNING - ALERT [MEDIUM] ftms_connector: Connection failure detected
2025-08-17 08:54:02,776 - alerts - WARNING - ALERT [MEDIUM] web: Connection failure detected
2025-08-17 08:54:03,124 - alerts - WARNING - ALERT [MEDIUM] bluetooth_connection: Connection failure detected
2025-08-17 08:54:03,277 - alerts - WARNING - ALERT [MEDIUM] ftms: Connection failure detected
2025-08-17 08:54:03,391 - alerts - WARNING - ALERT [MEDIUM] ftms_manager: Connection timed out - device may be out of range or busy
2025-08-17 08:54:04,897 - alerts - WARNING - ALERT [MEDIUM] ftms_connector: Connection failure detected
2025-08-17 08:54:05,070 - alerts - WARNING - ALERT [MEDIUM] ftms_connector: Connection failure detected
2025-08-17 08:54:06,633 - alerts - WARNING - ALERT [MEDIUM] ftms_connector: Connection failure detected
2025-08-17 08:54:06,852 - alerts - WARNING - ALERT [MEDIUM] ftms_connector: Connection failure detected
2025-08-17 08:54:07,123 - alerts - WARNING - ALERT [MEDIUM] bluetooth_connection: Connection failure detected
2025-08-17 08:54:07,312 - alerts - WARNING - ALERT [MEDIUM] ftms: Connection failure detected
2025-08-17 08:54:07,469 - alerts - WARNING - ALERT [MEDIUM] ftms_manager: Connection timed out - device may be out of range or busy
2025-08-17 08:54:09,871 - alerts - WARNING - ALERT [MEDIUM] bluetooth_connection: Connection failure detected
2025-08-17 08:54:09,985 - alerts - WARNING - ALERT [MEDIUM] ftms: Connection failure detected
2025-08-17 08:54:10,131 - alerts - WARNING - ALERT [MEDIUM] ftms_manager: Connection timed out - device may be out of range or busy
2025-08-17 08:54:11,625 - alerts - WARNING - ALERT [MEDIUM] bluetooth_connection: Connection failure detected
2025-08-17 08:54:11,791 - alerts - WARNING - ALERT [MEDIUM] ftms: Connection failure detected
2025-08-17 08:54:11,928 - alerts - WARNING - ALERT [MEDIUM] ftms_manager: Connection timed out - device may be out of range or busy
2025-08-17 08:54:12,517 - alerts - WARNING - ALERT [MEDIUM] ftms_connector: Connection failure detected
2025-08-17 08:54:12,744 - alerts - WARNING - ALERT [MEDIUM] ftms_connector: Connection failure detected
