2025-08-15 08:09:16,758 - bluetooth_connection - INFO - Bluetooth Connection Manager initialized
2025-08-15 08:09:16,759 - ftms_connector - INFO - FTMS Connector initialized with device type: bike
2025-08-15 08:09:16,759 - ftms - INFO - Using FTMSConnector for real device with device type: bike.
2025-08-15 08:09:16,759 - ftms_connector - INFO - Data callback _handle_data registered.
2025-08-15 08:09:16,759 - ftms_connector - INFO - Status callback _handle_status registered.
2025-08-15 08:09:17,147 - bluetooth_connection - INFO - Bluetooth Connection Manager initialized
2025-08-15 08:09:17,147 - ftms_connector - INFO - FTMS Connector initialized with device type: bike
2025-08-15 08:09:17,147 - ftms - INFO - Using FTMSConnector for real device with device type: bike.
2025-08-15 08:09:17,148 - ftms_connector - INFO - Data callback _handle_data registered.
2025-08-15 08:09:17,148 - ftms_connector - INFO - Status callback _handle_status registered.
2025-08-15 08:14:54,471 - ftms_connector - INFO - Scanning for FTMS devices for 5 seconds...
2025-08-15 08:14:59,585 - ftms_connector - INFO - Discovered 0 FTMS devices
2025-08-15 08:15:24,291 - ftms_connector - INFO - Scanning for FTMS devices for 5 seconds...
2025-08-15 08:15:29,296 - ftms_connector - INFO - Discovered 0 FTMS devices
2025-08-15 08:15:34,039 - ftms_connector - INFO - Scanning for FTMS devices for 5 seconds...
2025-08-15 08:15:39,041 - ftms_connector - INFO - Discovered 0 FTMS devices
2025-08-17 08:44:52,702 - bluetooth_connection - INFO - Bluetooth Connection Manager initialized
2025-08-17 08:44:52,704 - ftms_connector - INFO - FTMS Connector initialized with device type: bike
2025-08-17 08:44:52,704 - ftms - INFO - Using FTMSConnector for real device with device type: bike.
2025-08-17 08:44:52,705 - ftms_connector - INFO - Data callback _handle_data registered.
2025-08-17 08:44:52,705 - ftms_connector - INFO - Status callback _handle_status registered.
2025-08-17 08:44:53,777 - bluetooth_connection - INFO - Bluetooth Connection Manager initialized
2025-08-17 08:44:53,778 - ftms_connector - INFO - FTMS Connector initialized with device type: bike
2025-08-17 08:44:53,778 - ftms - INFO - Using FTMSConnector for real device with device type: bike.
2025-08-17 08:44:53,778 - ftms_connector - INFO - Data callback _handle_data registered.
2025-08-17 08:44:53,778 - ftms_connector - INFO - Status callback _handle_status registered.
2025-08-17 08:52:51,397 - ftms_connector - INFO - Scanning for FTMS devices for 5 seconds...
2025-08-17 08:52:55,373 - ftms_connector - INFO - Found FTMS device: ECHO_BIKE_077937 (C9:02:CB:68:17:C1)
2025-08-17 08:52:55,967 - ftms_connector - INFO - Found FTMS device: ECHO_BIKE_077937 (C9:02:CB:68:17:C1)
2025-08-17 08:52:55,970 - ftms_connector - INFO - Found FTMS device: ECHO_BIKE_077937 (C9:02:CB:68:17:C1)
2025-08-17 08:52:56,544 - ftms_connector - INFO - Found FTMS device: ECHO_BIKE_077937 (C9:02:CB:68:17:C1)
2025-08-17 08:52:56,549 - ftms_connector - INFO - Found FTMS device: ECHO_BIKE_077937 (C9:02:CB:68:17:C1)
2025-08-17 08:52:56,743 - ftms_connector - INFO - Discovered 1 FTMS devices
2025-08-17 08:53:02,779 - ftms - INFO - Starting enhanced connection to C9:02:CB:68:17:C1 (device_type: indoor_bike)
2025-08-17 08:53:02,779 - bluetooth_connection - INFO - Starting connection attempt to C9:02:CB:68:17:C1 (C9:02:CB:68:17:C1)
2025-08-17 08:53:02,779 - bluetooth_connection - INFO - Connection state changed to: connecting
2025-08-17 08:53:02,779 - ftms - INFO - Connection state changed to: connecting
2025-08-17 08:53:02,783 - ftms_connector - INFO - Connecting to ECHO_BIKE_077937 (C9:02:CB:68:17:C1)...
2025-08-17 08:53:13,754 - ftms - INFO - Starting enhanced connection to C9:02:CB:68:17:C1 (device_type: indoor_bike)
2025-08-17 08:53:13,754 - bluetooth_connection - INFO - Starting connection attempt to C9:02:CB:68:17:C1 (C9:02:CB:68:17:C1)
2025-08-17 08:53:13,756 - bluetooth_connection - INFO - Connection state changed to: connecting
2025-08-17 08:53:13,756 - ftms - INFO - Connection state changed to: connecting
2025-08-17 08:53:13,756 - ftms_connector - INFO - Connecting to ECHO_BIKE_077937 (C9:02:CB:68:17:C1)...
2025-08-17 08:53:13,801 - ftms_connector - WARNING - Connection timed out (Attempt 1/3)
2025-08-17 08:53:14,381 - ftms_connector - ERROR - BLEAK Error during connection (Attempt 1/3): Could not get GATT services: Unreachable
2025-08-17 08:53:17,798 - bluetooth_connection - ERROR - Connection error: Connection timed out after 15.0s
2025-08-17 08:53:17,971 - ftms - ERROR - Connection error: Connection timed out - device may be out of range or busy
2025-08-17 08:53:18,241 - bluetooth_connection - INFO - Connection attempt 1 failed, retrying in 0.9s...
2025-08-17 08:53:19,118 - bluetooth_connection - INFO - Connection state changed to: reconnecting
2025-08-17 08:53:19,118 - ftms - INFO - Connection state changed to: reconnecting
2025-08-17 08:53:19,119 - ftms_connector - INFO - Connecting to ECHO_BIKE_077937 (C9:02:CB:68:17:C1)...
2025-08-17 08:53:20,847 - ftms - INFO - Starting enhanced connection to C9:02:CB:68:17:C1 (device_type: indoor_bike)
2025-08-17 08:53:20,847 - bluetooth_connection - INFO - Starting connection attempt to C9:02:CB:68:17:C1 (C9:02:CB:68:17:C1)
2025-08-17 08:53:20,847 - bluetooth_connection - INFO - Connection state changed to: connecting
2025-08-17 08:53:20,849 - ftms - INFO - Connection state changed to: connecting
2025-08-17 08:53:20,849 - ftms_connector - INFO - Connecting to ECHO_BIKE_077937 (C9:02:CB:68:17:C1)...
2025-08-17 08:53:20,850 - ftms_connector - INFO - Disconnecting from Unknown device...
2025-08-17 08:53:22,754 - ftms - INFO - Starting enhanced connection to C9:02:CB:68:17:C1 (device_type: indoor_bike)
2025-08-17 08:53:22,754 - bluetooth_connection - INFO - Starting connection attempt to C9:02:CB:68:17:C1 (C9:02:CB:68:17:C1)
2025-08-17 08:53:22,754 - bluetooth_connection - INFO - Connection state changed to: connecting
2025-08-17 08:53:22,754 - ftms - INFO - Connection state changed to: connecting
2025-08-17 08:53:22,758 - ftms_connector - INFO - Connecting to ECHO_BIKE_077937 (C9:02:CB:68:17:C1)...
2025-08-17 08:53:23,542 - ftms_connector - ERROR - BLEAK Error during connection (Attempt 2/3): Failed to connect after connect() call.
2025-08-17 08:53:23,648 - ftms_connector - WARNING - Consecutive connection error #2
2025-08-17 08:53:28,739 - bluetooth_connection - ERROR - Connection error: Connection timed out after 15.0s
2025-08-17 08:53:28,939 - ftms - ERROR - Connection error: Connection timed out - device may be out of range or busy
2025-08-17 08:53:29,247 - bluetooth_connection - INFO - Connection attempt 1 failed, retrying in 0.9s...
2025-08-17 08:53:30,123 - bluetooth_connection - INFO - Connection state changed to: reconnecting
2025-08-17 08:53:30,123 - ftms - INFO - Connection state changed to: reconnecting
2025-08-17 08:53:30,123 - ftms_connector - INFO - Connecting to ECHO_BIKE_077937 (C9:02:CB:68:17:C1)...
2025-08-17 08:53:32,795 - ftms_connector - ERROR - BLEAK Error during connection (Attempt 1/3): Device with address C9:02:CB:68:17:C1 was not found.
2025-08-17 08:53:32,993 - ftms_connector - WARNING - Consecutive connection error #3
2025-08-17 08:53:35,863 - ftms_connector - INFO - Data polling stopped.
2025-08-17 08:53:35,863 - ftms_connector - INFO - Disconnected.
2025-08-17 08:53:35,863 - bluetooth_connection - ERROR - Connection error: Connection timed out after 15.0s
2025-08-17 08:53:36,044 - ftms - ERROR - Connection error: Connection timed out - device may be out of range or busy
2025-08-17 08:53:36,340 - bluetooth_connection - INFO - Connection attempt 1 failed, retrying in 0.9s...
2025-08-17 08:53:37,238 - bluetooth_connection - INFO - Connection state changed to: reconnecting
2025-08-17 08:53:37,239 - ftms - INFO - Connection state changed to: reconnecting
2025-08-17 08:53:37,239 - ftms_connector - INFO - Connecting to ECHO_BIKE_077937 (C9:02:CB:68:17:C1)...
2025-08-17 08:53:37,761 - bluetooth_connection - ERROR - Connection error: Connection timed out after 15.0s
2025-08-17 08:53:37,931 - ftms - ERROR - Connection error: Connection timed out - device may be out of range or busy
2025-08-17 08:53:38,175 - bluetooth_connection - INFO - Connection attempt 1 failed, retrying in 0.8s...
2025-08-17 08:53:39,009 - bluetooth_connection - INFO - Connection state changed to: reconnecting
2025-08-17 08:53:39,009 - ftms - INFO - Connection state changed to: reconnecting
2025-08-17 08:53:39,009 - ftms_connector - INFO - Connecting to ECHO_BIKE_077937 (C9:02:CB:68:17:C1)...
2025-08-17 08:53:40,152 - ftms_connector - ERROR - BLEAK Error during connection (Attempt 1/3): Device with address C9:02:CB:68:17:C1 was not found.
2025-08-17 08:53:40,312 - ftms_connector - WARNING - Consecutive connection error #4
2025-08-17 08:53:45,118 - bluetooth_connection - ERROR - Connection error: Connection timed out after 15.0s
2025-08-17 08:53:45,295 - ftms - ERROR - Connection error: Connection timed out - device may be out of range or busy
2025-08-17 08:53:45,548 - bluetooth_connection - INFO - Connection attempt 2 failed, retrying in 2.0s...
2025-08-17 08:53:46,117 - ftms - INFO - Starting enhanced connection to C9:02:CB:68:17:C1 (device_type: indoor_bike)
2025-08-17 08:53:46,117 - bluetooth_connection - INFO - Starting connection attempt to C9:02:CB:68:17:C1 (C9:02:CB:68:17:C1)
2025-08-17 08:53:46,117 - bluetooth_connection - INFO - Connection state changed to: connecting
2025-08-17 08:53:46,117 - ftms - INFO - Connection state changed to: connecting
2025-08-17 08:53:46,119 - ftms_connector - INFO - Connecting to ECHO_BIKE_077937 (C9:02:CB:68:17:C1)...
2025-08-17 08:53:47,254 - ftms_connector - ERROR - BLEAK Error during connection (Attempt 1/3): Device with address C9:02:CB:68:17:C1 was not found.
2025-08-17 08:53:47,540 - ftms_connector - WARNING - Consecutive connection error #5
2025-08-17 08:53:47,608 - ftms_connector - ERROR - Detected 5 consecutive connection errors. Bluetooth stack may need to be restarted.
2025-08-17 08:53:47,808 - bluetooth_connection - INFO - Connection state changed to: reconnecting
2025-08-17 08:53:47,808 - ftms - INFO - Connection state changed to: reconnecting
2025-08-17 08:53:47,808 - ftms_connector - INFO - Connecting to ECHO_BIKE_077937 (C9:02:CB:68:17:C1)...
2025-08-17 08:53:49,031 - ftms_connector - ERROR - BLEAK Error during connection (Attempt 1/3): Device with address C9:02:CB:68:17:C1 was not found.
2025-08-17 08:53:49,212 - ftms_connector - WARNING - Consecutive connection error #6
2025-08-17 08:53:49,299 - ftms_connector - ERROR - Detected 6 consecutive connection errors. Bluetooth stack may need to be restarted.
2025-08-17 08:53:51,962 - ftms - INFO - Starting enhanced connection to C9:02:CB:68:17:C1 (device_type: indoor_bike)
2025-08-17 08:53:51,962 - bluetooth_connection - INFO - Starting connection attempt to C9:02:CB:68:17:C1 (C9:02:CB:68:17:C1)
2025-08-17 08:53:51,962 - bluetooth_connection - INFO - Connection state changed to: connecting
2025-08-17 08:53:51,962 - ftms - INFO - Connection state changed to: connecting
2025-08-17 08:53:51,962 - ftms_connector - INFO - Connecting to ECHO_BIKE_077937 (C9:02:CB:68:17:C1)...
2025-08-17 08:53:52,247 - bluetooth_connection - ERROR - Connection error: Connection timed out after 15.0s
2025-08-17 08:53:52,406 - ftms - ERROR - Connection error: Connection timed out - device may be out of range or busy
2025-08-17 08:53:52,670 - bluetooth_connection - INFO - Connection attempt 2 failed, retrying in 2.2s...
2025-08-17 08:53:54,014 - bluetooth_connection - ERROR - Connection error: Connection timed out after 15.0s
2025-08-17 08:53:54,193 - ftms - ERROR - Connection error: Connection timed out - device may be out of range or busy
2025-08-17 08:53:54,483 - bluetooth_connection - INFO - Connection attempt 2 failed, retrying in 2.0s...
2025-08-17 08:53:54,852 - bluetooth_connection - INFO - Connection state changed to: reconnecting
2025-08-17 08:53:54,854 - ftms - INFO - Connection state changed to: reconnecting
2025-08-17 08:53:54,856 - ftms_connector - INFO - Connecting to ECHO_BIKE_077937 (C9:02:CB:68:17:C1)...
2025-08-17 08:53:56,140 - ftms_connector - ERROR - BLEAK Error during connection (Attempt 1/3): Device with address C9:02:CB:68:17:C1 was not found.
2025-08-17 08:53:56,375 - ftms_connector - WARNING - Consecutive connection error #7
2025-08-17 08:53:56,440 - ftms_connector - ERROR - Detected 7 consecutive connection errors. Bluetooth stack may need to be restarted.
2025-08-17 08:53:56,613 - bluetooth_connection - INFO - Connection state changed to: reconnecting
2025-08-17 08:53:56,613 - ftms - INFO - Connection state changed to: reconnecting
2025-08-17 08:53:56,613 - ftms_connector - INFO - Connecting to ECHO_BIKE_077937 (C9:02:CB:68:17:C1)...
2025-08-17 08:53:57,834 - ftms_connector - ERROR - BLEAK Error during connection (Attempt 1/3): Device with address C9:02:CB:68:17:C1 was not found.
2025-08-17 08:53:57,991 - ftms_connector - WARNING - Consecutive connection error #8
2025-08-17 08:53:58,080 - ftms_connector - ERROR - Detected 8 consecutive connection errors. Bluetooth stack may need to be restarted.
2025-08-17 08:54:01,132 - bluetooth_connection - ERROR - Connection error: Connection timed out after 15.0s
2025-08-17 08:54:01,302 - ftms - ERROR - Connection error: Connection timed out - device may be out of range or busy
2025-08-17 08:54:01,483 - bluetooth_connection - INFO - Connection attempt 1 failed, retrying in 1.0s...
2025-08-17 08:54:01,990 - ftms_connector - ERROR - BLEAK Error during connection (Attempt 1/3): Device with address C9:02:CB:68:17:C1 was not found.
2025-08-17 08:54:02,139 - ftms_connector - WARNING - Consecutive connection error #9
2025-08-17 08:54:02,211 - ftms_connector - ERROR - Detected 9 consecutive connection errors. Bluetooth stack may need to be restarted.
2025-08-17 08:54:02,480 - bluetooth_connection - INFO - Connection state changed to: reconnecting
2025-08-17 08:54:02,480 - ftms - INFO - Connection state changed to: reconnecting
2025-08-17 08:54:02,480 - ftms_connector - INFO - Connecting to ECHO_BIKE_077937 (C9:02:CB:68:17:C1)...
2025-08-17 08:54:02,790 - bluetooth_connection - ERROR - Connection error: Connection timed out after 15.0s
2025-08-17 08:54:03,277 - ftms - ERROR - Connection error: Connection timed out - device may be out of range or busy
2025-08-17 08:54:03,463 - bluetooth_connection - INFO - Connection attempt 3 failed, retrying in 3.9s...
2025-08-17 08:54:04,895 - ftms_connector - ERROR - BLEAK Error during connection (Attempt 1/3): Device with address C9:02:CB:68:17:C1 was not found.
2025-08-17 08:54:05,016 - ftms_connector - WARNING - Consecutive connection error #10
2025-08-17 08:54:05,070 - ftms_connector - ERROR - Detected 10 consecutive connection errors. Bluetooth stack may need to be restarted.
2025-08-17 08:54:06,633 - ftms_connector - ERROR - BLEAK Error during connection (Attempt 1/3): Device with address C9:02:CB:68:17:C1 was not found.
2025-08-17 08:54:06,787 - ftms_connector - WARNING - Consecutive connection error #11
2025-08-17 08:54:06,852 - ftms_connector - ERROR - Detected 11 consecutive connection errors. Bluetooth stack may need to be restarted.
2025-08-17 08:54:07,123 - bluetooth_connection - ERROR - Connection error: Connection timed out after 15.0s
2025-08-17 08:54:07,312 - ftms - ERROR - Connection error: Connection timed out - device may be out of range or busy
2025-08-17 08:54:07,524 - bluetooth_connection - INFO - Connection attempt 1 failed, retrying in 1.0s...
2025-08-17 08:54:07,541 - bluetooth_connection - INFO - Connection state changed to: reconnecting
2025-08-17 08:54:07,541 - ftms - INFO - Connection state changed to: reconnecting
2025-08-17 08:54:07,541 - ftms_connector - INFO - Connecting to ECHO_BIKE_077937 (C9:02:CB:68:17:C1)...
2025-08-17 08:54:08,548 - bluetooth_connection - INFO - Connection state changed to: reconnecting
2025-08-17 08:54:08,549 - ftms - INFO - Connection state changed to: reconnecting
2025-08-17 08:54:08,550 - ftms_connector - INFO - Connecting to ECHO_BIKE_077937 (C9:02:CB:68:17:C1)...
2025-08-17 08:54:09,871 - bluetooth_connection - ERROR - Connection error: Connection timed out after 15.0s
2025-08-17 08:54:09,985 - ftms - ERROR - Connection error: Connection timed out - device may be out of range or busy
2025-08-17 08:54:10,174 - bluetooth_connection - INFO - Connection attempt 3 failed, retrying in 3.3s...
2025-08-17 08:54:11,625 - bluetooth_connection - ERROR - Connection error: Connection timed out after 15.0s
2025-08-17 08:54:11,790 - ftms - ERROR - Connection error: Connection timed out - device may be out of range or busy
2025-08-17 08:54:12,004 - bluetooth_connection - INFO - Connection attempt 3 failed, retrying in 3.0s...
2025-08-17 08:54:12,517 - ftms_connector - ERROR - BLEAK Error during connection (Attempt 1/3): Device with address C9:02:CB:68:17:C1 was not found.
2025-08-17 08:54:12,670 - ftms_connector - WARNING - Consecutive connection error #12
2025-08-17 08:54:12,744 - ftms_connector - ERROR - Detected 12 consecutive connection errors. Bluetooth stack may need to be restarted.
2025-08-17 08:54:13,532 - bluetooth_connection - INFO - Connection state changed to: reconnecting
2025-08-17 08:54:13,534 - ftms - INFO - Connection state changed to: reconnecting
2025-08-17 08:54:13,534 - ftms_connector - INFO - Connecting to ECHO_BIKE_077937 (C9:02:CB:68:17:C1)...
2025-08-17 08:54:15,015 - bluetooth_connection - INFO - Connection state changed to: reconnecting
2025-08-17 08:54:15,015 - ftms - INFO - Connection state changed to: reconnecting
2025-08-17 08:54:15,017 - ftms_connector - INFO - Connecting to ECHO_BIKE_077937 (C9:02:CB:68:17:C1)...
