2025-08-17 09:17:16,072 - performance - INFO - METRIC: system.cpu_usage = 18.4 percent
2025-08-17 09:17:16,083 - performance - INFO - METRIC: system.memory_usage = 73.6 percent
2025-08-17 09:17:16,083 - performance - INFO - METRIC: system.memory_available = 4.040355682373047 GB
2025-08-17 09:17:16,083 - performance - INFO - METRIC: system.disk_usage = 3.8075139418710067 percent
2025-08-17 09:17:16,837 - performance - INFO - METRIC: system.cpu_usage = 15.2 percent
2025-08-17 09:17:16,847 - performance - INFO - METRIC: system.memory_usage = 73.6 percent
2025-08-17 09:17:16,847 - performance - INFO - METRIC: system.memory_available = 4.042552947998047 GB
2025-08-17 09:17:16,847 - performance - INFO - METRIC: system.disk_usage = 3.8075207022439406 percent
2025-08-17 09:17:19,166 - performance - INFO - METRIC: ftms_manager.successful_connection_time = 5.602356910705566 seconds
2025-08-17 09:17:19,166 - performance - INFO - METRIC: ftms_manager.connection_time = 5.607828617095947 seconds
2025-08-17 09:17:54,069 - performance - INFO - METRIC: ftms_manager.data_corrections = 1 count
2025-08-17 09:17:55,179 - performance - INFO - METRIC: ftms_manager.data_corrections = 3 count
2025-08-17 09:17:56,096 - performance - INFO - METRIC: ftms_manager.data_corrections = 3 count
2025-08-17 09:17:57,115 - performance - INFO - METRIC: ftms_manager.data_corrections = 3 count
2025-08-17 09:17:58,091 - performance - INFO - METRIC: ftms_manager.data_corrections = 1 count
2025-08-17 09:17:59,063 - performance - INFO - METRIC: ftms_manager.data_corrections = 1 count
2025-08-17 09:18:00,078 - performance - INFO - METRIC: ftms_manager.data_corrections = 1 count
2025-08-17 09:18:01,077 - performance - INFO - METRIC: ftms_manager.data_corrections = 1 count
2025-08-17 09:18:10,091 - performance - INFO - METRIC: ftms_manager.data_corrections = 1 count
2025-08-17 09:18:11,202 - performance - INFO - METRIC: ftms_manager.data_corrections = 1 count
2025-08-17 09:18:12,057 - performance - INFO - METRIC: ftms_manager.data_corrections = 1 count
2025-08-17 09:18:17,089 - performance - INFO - METRIC: system.cpu_usage = 14.9 percent
2025-08-17 09:18:17,102 - performance - INFO - METRIC: system.memory_usage = 73.4 percent
2025-08-17 09:18:17,102 - performance - INFO - METRIC: system.memory_available = 4.071662902832031 GB
2025-08-17 09:18:17,102 - performance - INFO - METRIC: system.disk_usage = 3.8075448756986723 percent
2025-08-17 09:18:17,853 - performance - INFO - METRIC: system.cpu_usage = 17.2 percent
2025-08-17 09:18:17,864 - performance - INFO - METRIC: system.memory_usage = 73.4 percent
2025-08-17 09:18:17,864 - performance - INFO - METRIC: system.memory_available = 4.069755554199219 GB
2025-08-17 09:18:17,866 - performance - INFO - METRIC: system.disk_usage = 3.8075450805584583 percent
