2025-08-17 09:16:15,227 - web - INFO - Initializing FTMSDeviceManager with use_simulator=False, device_type=bike
2025-08-17 09:16:15,241 - web - INFO - Using real FTMS devices
2025-08-17 09:16:15,241 - web - INFO - Flask application initialized. FTMS manager created.
2025-08-17 09:16:15,241 - web - INFO - Starting background asyncio loop thread...
2025-08-17 09:16:15,242 - web - INFO - Background thread started. Creating new event loop.
2025-08-17 09:16:15,242 - web - INFO - Background asyncio loop thread start initiated.
2025-08-17 09:16:15,252 - web - INFO - Starting background asyncio event loop run_forever.
2025-08-17 09:16:15,994 - web - INFO - Initializing FTMSDeviceManager with use_simulator=False, device_type=bike
2025-08-17 09:16:15,998 - web - INFO - Using real FTMS devices
2025-08-17 09:16:15,998 - web - INFO - Flask application initialized. FTMS manager created.
2025-08-17 09:16:15,998 - web - INFO - Starting background asyncio loop thread...
2025-08-17 09:16:15,998 - web - INFO - Background thread started. Creating new event loop.
2025-08-17 09:16:15,998 - web - INFO - Background asyncio loop thread start initiated.
2025-08-17 09:16:16,009 - web - INFO - Starting background asyncio event loop run_forever.
2025-08-17 09:17:13,558 - web - INFO - Scheduling connect task for C9:02:CB:68:17:C1 with device_type auto on background loop.
2025-08-17 09:17:19,182 - web - INFO - Connect task for C9:02:CB:68:17:C1 (device_type: auto) completed with result: True
2025-08-17 09:18:36,915 - web - INFO - Scheduling disconnect task on the background loop.
2025-08-17 09:18:37,423 - web - INFO - Disconnect task completed with result: True
2025-08-17 09:45:52,518 - web - INFO - Initializing FTMSDeviceManager with use_simulator=False, device_type=bike
2025-08-17 09:45:52,530 - web - INFO - Using real FTMS devices
2025-08-17 09:45:52,530 - web - INFO - Flask application initialized. FTMS manager created.
2025-08-17 09:45:52,533 - web - INFO - Starting background asyncio loop thread...
2025-08-17 09:45:52,534 - web - INFO - Background thread started. Creating new event loop.
2025-08-17 09:45:52,534 - web - INFO - Background asyncio loop thread start initiated.
2025-08-17 09:45:52,551 - web - INFO - Starting background asyncio event loop run_forever.
2025-08-17 09:45:54,080 - web - INFO - Initializing FTMSDeviceManager with use_simulator=False, device_type=bike
2025-08-17 09:45:54,091 - web - INFO - Using real FTMS devices
2025-08-17 09:45:54,092 - web - INFO - Flask application initialized. FTMS manager created.
2025-08-17 09:45:54,092 - web - INFO - Starting background asyncio loop thread...
2025-08-17 09:45:54,092 - web - INFO - Background thread started. Creating new event loop.
2025-08-17 09:45:54,092 - web - INFO - Background asyncio loop thread start initiated.
2025-08-17 09:45:54,109 - web - INFO - Starting background asyncio event loop run_forever.
2025-08-17 09:47:36,382 - web - INFO - Scheduling connect task for C9:02:CB:68:17:C1 with device_type auto on background loop.
2025-08-17 09:47:41,602 - web - INFO - Connect task for C9:02:CB:68:17:C1 (device_type: auto) completed with result: True
2025-08-17 09:48:49,826 - web - INFO - Scheduling disconnect task on the background loop.
2025-08-17 09:48:53,068 - web - INFO - Disconnect task completed with result: True
